<?xml version="1.0" encoding="UTF-8"?>
<testsuite xmlns:xsi="http://www.w3.org/2001/XMLSchema-instance" xsi:noNamespaceSchemaLocation="https://maven.apache.org/surefire/maven-surefire-plugin/xsd/surefire-test-report.xsd" version="3.0.2" name="com.episen.order.application.service.OrderServiceImplTest" time="0.784" tests="4" errors="0" skipped="0" failures="0">
  <properties>
[...]
</properties>
  <testcase name="updateOrderStatus_shouldThrow_whenNewStatusIsInvalid" classname="com.episen.order.application.service.OrderServiceImplTest" time="0.749"/>
  <testcase name="createOrder_shouldThrow_whenItemsEmpty" classname="com.episen.order.application.service.OrderServiceImplTest" time="0.006"/>
  <testcase name="updateOrderStatus_shouldSaveAndIncrementMetric_andReturnDto_whenValid" classname="com.episen.order.application.service.OrderServiceImplTest" time="0.016"/>
  <testcase name="updateOrderStatus_shouldThrow_whenOrderIsDeliveredOrCancelled" classname="com.episen.order.application.service.OrderServiceImplTest" time="0.007"/>
</testsuite>